This is pdfTeX, Version 3.14159265-2.6-1.40.15 (TeX Live 2014) (preloaded format=pdflatex 2014.11.24)  18 MAY 2015 09:08
entering extended mode
 restricted \write18 enabled.
 file:line:error style messages enabled.
 %&-line parsing enabled.
**TextS2.tex
(./TextS2.tex
LaTeX2e <2014/05/01>
Babel <3.9l> and hyphenation patterns for 79 languages loaded.
(/usr/local/texlive/2014/texmf-dist/tex/latex/base/article.cls
Document Class: article 2014/09/29 v1.4h Standard LaTeX document class
(/usr/local/texlive/2014/texmf-dist/tex/latex/base/size10.clo
File: size10.clo 2014/09/29 v1.4h Standard LaTeX file (size option)
)
\c@part=\count79
\c@section=\count80
\c@subsection=\count81
\c@subsubsection=\count82
\c@paragraph=\count83
\c@subparagraph=\count84
\c@figure=\count85
\c@table=\count86
\abovecaptionskip=\skip41
\belowcaptionskip=\skip42
\bibindent=\dimen102
)
(/usr/local/texlive/2014/texmf-dist/tex/latex/amsmath/amsmath.sty
Package: amsmath 2013/01/14 v2.14 AMS math features
\@mathmargin=\skip43

For additional information on amsmath, use the `?' option.
(/usr/local/texlive/2014/texmf-dist/tex/latex/amsmath/amstext.sty
Package: amstext 2000/06/29 v2.01

(/usr/local/texlive/2014/texmf-dist/tex/latex/amsmath/amsgen.sty
File: amsgen.sty 1999/11/30 v2.0
\@emptytoks=\toks14
\ex@=\dimen103
))
(/usr/local/texlive/2014/texmf-dist/tex/latex/amsmath/amsbsy.sty
Package: amsbsy 1999/11/29 v1.2d
\pmbraise@=\dimen104
)
(/usr/local/texlive/2014/texmf-dist/tex/latex/amsmath/amsopn.sty
Package: amsopn 1999/12/14 v2.01 operator names
)
\inf@bad=\count87
LaTeX Info: Redefining \frac on input line 210.
\uproot@=\count88
\leftroot@=\count89
LaTeX Info: Redefining \overline on input line 306.
\classnum@=\count90
\DOTSCASE@=\count91
LaTeX Info: Redefining \ldots on input line 378.
LaTeX Info: Redefining \dots on input line 381.
LaTeX Info: Redefining \cdots on input line 466.
\Mathstrutbox@=\box26
\strutbox@=\box27
\big@size=\dimen105
LaTeX Font Info:    Redeclaring font encoding OML on input line 566.
LaTeX Font Info:    Redeclaring font encoding OMS on input line 567.
\macc@depth=\count92
\c@MaxMatrixCols=\count93
\dotsspace@=\muskip10
\c@parentequation=\count94
\dspbrk@lvl=\count95
\tag@help=\toks15
\row@=\count96
\column@=\count97
\maxfields@=\count98
\andhelp@=\toks16
\eqnshift@=\dimen106
\alignsep@=\dimen107
\tagshift@=\dimen108
\tagwidth@=\dimen109
\totwidth@=\dimen110
\lineht@=\dimen111
\@envbody=\toks17
\multlinegap=\skip44
\multlinetaggap=\skip45
\mathdisplay@stack=\toks18
LaTeX Info: Redefining \[ on input line 2665.
LaTeX Info: Redefining \] on input line 2666.
)
(/usr/local/texlive/2014/texmf-dist/tex/latex/amsfonts/amssymb.sty
Package: amssymb 2013/01/14 v3.01 AMS font symbols

(/usr/local/texlive/2014/texmf-dist/tex/latex/amsfonts/amsfonts.sty
Package: amsfonts 2013/01/14 v3.01 Basic AMSFonts support
\symAMSa=\mathgroup4
\symAMSb=\mathgroup5
LaTeX Font Info:    Overwriting math alphabet `\mathfrak' in version `bold'
(Font)                  U/euf/m/n --> U/euf/b/n on input line 106.
))
(/usr/local/texlive/2014/texmf-dist/tex/latex/graphics/graphicx.sty
Package: graphicx 2014/10/28 v1.0g Enhanced LaTeX Graphics (DPC,SPQR)

(/usr/local/texlive/2014/texmf-dist/tex/latex/graphics/keyval.sty
Package: keyval 2014/10/28 v1.15 key=value parser (DPC)
\KV@toks@=\toks19
)
(/usr/local/texlive/2014/texmf-dist/tex/latex/graphics/graphics.sty
Package: graphics 2014/10/28 v1.0p Standard LaTeX Graphics (DPC,SPQR)

(/usr/local/texlive/2014/texmf-dist/tex/latex/graphics/trig.sty
Package: trig 1999/03/16 v1.09 sin cos tan (DPC)
)
(/usr/local/texlive/2014/texmf-dist/tex/latex/latexconfig/graphics.cfg
File: graphics.cfg 2010/04/23 v1.9 graphics configuration of TeX Live
)
Package graphics Info: Driver file: pdftex.def on input line 91.

(/usr/local/texlive/2014/texmf-dist/tex/latex/pdftex-def/pdftex.def
File: pdftex.def 2011/05/27 v0.06d Graphics/color for pdfTeX

(/usr/local/texlive/2014/texmf-dist/tex/generic/oberdiek/infwarerr.sty
Package: infwarerr 2010/04/08 v1.3 Providing info/warning/error messages (HO)
)
(/usr/local/texlive/2014/texmf-dist/tex/generic/oberdiek/ltxcmds.sty
Package: ltxcmds 2011/11/09 v1.22 LaTeX kernel commands for general use (HO)
)
\Gread@gobject=\count99
))
\Gin@req@height=\dimen112
\Gin@req@width=\dimen113
)
(/usr/local/texlive/2014/texmf-dist/tex/latex/subfigure/subfigure.sty
Package: subfigure 2002/03/15 v2.1.5 subfigure package
\subfigtopskip=\skip46
\subfigcapskip=\skip47
\subfigcaptopadj=\dimen114
\subfigbottomskip=\skip48
\subfigcapmargin=\dimen115
\subfiglabelskip=\skip49
\c@subfigure=\count100
\c@lofdepth=\count101
\c@subtable=\count102
\c@lotdepth=\count103

****************************************
* Local config file subfigure.cfg used *
****************************************
(/usr/local/texlive/2014/texmf-dist/tex/latex/subfigure/subfigure.cfg)
\subfig@top=\skip50
\subfig@bottom=\skip51
)
(/usr/local/texlive/2014/texmf-dist/tex/latex/url/url.sty
\Urlmuskip=\muskip11
Package: url 2013/09/16  ver 3.4  Verb mode for urls, etc.
)
(/usr/local/texlive/2014/texmf-dist/tex/latex/tools/bm.sty
Package: bm 2014/10/28 v1.1c Bold Symbol Support (DPC/FMi)
\symboldoperators=\mathgroup6
\symboldletters=\mathgroup7
\symboldsymbols=\mathgroup8
LaTeX Font Info:    Redeclaring math alphabet \mathbf on input line 137.
LaTeX Info: Redefining \bm on input line 203.
)
(/usr/local/texlive/2014/texmf-dist/tex/latex/setspace/setspace.sty
Package: setspace 2011/12/19 v6.7a set line spacing
)
\c@thm=\count104

No file TextS2.aux.
\openout1 = `TextS2.aux'.

LaTeX Font Info:    Checking defaults for OML/cmm/m/it on input line 30.
LaTeX Font Info:    ... okay on input line 30.
LaTeX Font Info:    Checking defaults for T1/cmr/m/n on input line 30.
LaTeX Font Info:    ... okay on input line 30.
LaTeX Font Info:    Checking defaults for OT1/cmr/m/n on input line 30.
LaTeX Font Info:    ... okay on input line 30.
LaTeX Font Info:    Checking defaults for OMS/cmsy/m/n on input line 30.
LaTeX Font Info:    ... okay on input line 30.
LaTeX Font Info:    Checking defaults for OMX/cmex/m/n on input line 30.
LaTeX Font Info:    ... okay on input line 30.
LaTeX Font Info:    Checking defaults for U/cmr/m/n on input line 30.
LaTeX Font Info:    ... okay on input line 30.
(/usr/local/texlive/2014/texmf-dist/tex/context/base/supp-pdf.mkii
[Loading MPS to PDF converter (version 2006.09.02).]
\scratchcounter=\count105
\scratchdimen=\dimen116
\scratchbox=\box28
\nofMPsegments=\count106
\nofMParguments=\count107
\everyMPshowfont=\toks20
\MPscratchCnt=\count108
\MPscratchDim=\dimen117
\MPnumerator=\count109
\makeMPintoPDFobject=\count110
\everyMPtoPDFconversion=\toks21
) (/usr/local/texlive/2014/texmf-dist/tex/generic/oberdiek/pdftexcmds.sty
Package: pdftexcmds 2011/11/29 v0.20 Utility functions of pdfTeX for LuaTeX (HO
)

(/usr/local/texlive/2014/texmf-dist/tex/generic/oberdiek/ifluatex.sty
Package: ifluatex 2010/03/01 v1.3 Provides the ifluatex switch (HO)
Package ifluatex Info: LuaTeX not detected.
)
(/usr/local/texlive/2014/texmf-dist/tex/generic/oberdiek/ifpdf.sty
Package: ifpdf 2011/01/30 v2.3 Provides the ifpdf switch (HO)
Package ifpdf Info: pdfTeX in PDF mode is detected.
)
Package pdftexcmds Info: LuaTeX not detected.
Package pdftexcmds Info: \pdf@primitive is available.
Package pdftexcmds Info: \pdf@ifprimitive is available.
Package pdftexcmds Info: \pdfdraftmode found.
)
(/usr/local/texlive/2014/texmf-dist/tex/latex/oberdiek/epstopdf-base.sty
Package: epstopdf-base 2010/02/09 v2.5 Base part for package epstopdf

(/usr/local/texlive/2014/texmf-dist/tex/latex/oberdiek/grfext.sty
Package: grfext 2010/08/19 v1.1 Manage graphics extensions (HO)

(/usr/local/texlive/2014/texmf-dist/tex/generic/oberdiek/kvdefinekeys.sty
Package: kvdefinekeys 2011/04/07 v1.3 Define keys (HO)
))
(/usr/local/texlive/2014/texmf-dist/tex/latex/oberdiek/kvoptions.sty
Package: kvoptions 2011/06/30 v3.11 Key value format for package options (HO)

(/usr/local/texlive/2014/texmf-dist/tex/generic/oberdiek/kvsetkeys.sty
Package: kvsetkeys 2012/04/25 v1.16 Key value parser (HO)

(/usr/local/texlive/2014/texmf-dist/tex/generic/oberdiek/etexcmds.sty
Package: etexcmds 2011/02/16 v1.5 Avoid name clashes with e-TeX commands (HO)
Package etexcmds Info: Could not find \expanded.
(etexcmds)             That can mean that you are not using pdfTeX 1.50 or
(etexcmds)             that some package has redefined \expanded.
(etexcmds)             In the latter case, load this package earlier.
)))
Package grfext Info: Graphics extension search list:
(grfext)             [.png,.pdf,.jpg,.mps,.jpeg,.jbig2,.jb2,.PNG,.PDF,.JPG,.JPE
G,.JBIG2,.JB2,.eps]
(grfext)             \AppendGraphicsExtensions on input line 452.

(/usr/local/texlive/2014/texmf-dist/tex/latex/latexconfig/epstopdf-sys.cfg
File: epstopdf-sys.cfg 2010/07/13 v1.3 Configuration of (r)epstopdf for TeX Liv
e
))
LaTeX Font Info:    Try loading font information for U+msa on input line 39.

(/usr/local/texlive/2014/texmf-dist/tex/latex/amsfonts/umsa.fd
File: umsa.fd 2013/01/14 v3.01 AMS symbols A
)
LaTeX Font Info:    Try loading font information for U+msb on input line 39.

(/usr/local/texlive/2014/texmf-dist/tex/latex/amsfonts/umsb.fd
File: umsb.fd 2013/01/14 v3.01 AMS symbols B
)
No file TextS2.bbl.
Package epstopdf Info: Source file: <UTUC_signature_K2.eps>
(epstopdf)                    date: 2015-03-01 13:37:56
(epstopdf)                    size: 11496 bytes
(epstopdf)             Output file: <UTUC_signature_K2-eps-converted-to.pdf>
(epstopdf)                    date: 2015-05-16 16:36:25
(epstopdf)                    size: 10964 bytes
(epstopdf)             Command: <repstopdf --outfile=UTUC_signature_K2-eps-conv
erted-to.pdf UTUC_signature_K2.eps>
(epstopdf)             \includegraphics on input line 66.
Package epstopdf Info: Output file is already uptodate.
<UTUC_signature_K2-eps-converted-to.pdf, id=1, 1084.05pt x 433.62pt>
File: UTUC_signature_K2-eps-converted-to.pdf Graphic file (type pdf)

<use UTUC_signature_K2-eps-converted-to.pdf>
Package pdftex.def Info: UTUC_signature_K2-eps-converted-to.pdf used on input l
ine 66.
(pdftex.def)             Requested size: 426.79733pt x 170.71892pt.
Package epstopdf Info: Source file: <UTUC_signature_K3.eps>
(epstopdf)                    date: 2015-03-01 13:37:56
(epstopdf)                    size: 17208 bytes
(epstopdf)             Output file: <UTUC_signature_K3-eps-converted-to.pdf>
(epstopdf)                    date: 2015-05-16 16:36:26
(epstopdf)                    size: 11985 bytes
(epstopdf)             Command: <repstopdf --outfile=UTUC_signature_K3-eps-conv
erted-to.pdf UTUC_signature_K3.eps>
(epstopdf)             \includegraphics on input line 71.
Package epstopdf Info: Output file is already uptodate.

<UTUC_signature_K3-eps-converted-to.pdf, id=3, 1084.05pt x 433.62pt>
File: UTUC_signature_K3-eps-converted-to.pdf Graphic file (type pdf)

<use UTUC_signature_K3-eps-converted-to.pdf>
Package pdftex.def Info: UTUC_signature_K3-eps-converted-to.pdf used on input l
ine 71.
(pdftex.def)             Requested size: 426.79733pt x 170.71892pt.
Package epstopdf Info: Source file: <UTUC_signature_K4.eps>
(epstopdf)                    date: 2015-03-01 13:37:56
(epstopdf)                    size: 22934 bytes
(epstopdf)             Output file: <UTUC_signature_K4-eps-converted-to.pdf>
(epstopdf)                    date: 2015-05-16 16:36:27
(epstopdf)                    size: 12904 bytes
(epstopdf)             Command: <repstopdf --outfile=UTUC_signature_K4-eps-conv
erted-to.pdf UTUC_signature_K4.eps>
(epstopdf)             \includegraphics on input line 76.
Package epstopdf Info: Output file is already uptodate.

<UTUC_signature_K4-eps-converted-to.pdf, id=5, 1084.05pt x 433.62pt>
File: UTUC_signature_K4-eps-converted-to.pdf Graphic file (type pdf)

<use UTUC_signature_K4-eps-converted-to.pdf>
Package pdftex.def Info: UTUC_signature_K4-eps-converted-to.pdf used on input l
ine 76.
(pdftex.def)             Requested size: 426.79733pt x 170.71892pt.
Package epstopdf Info: Source file: <UTUC_stat.eps>
(epstopdf)                    date: 2015-03-01 11:18:25
(epstopdf)                    size: 10472 bytes
(epstopdf)             Output file: <UTUC_stat-eps-converted-to.pdf>
(epstopdf)                    date: 2015-05-16 16:36:29
(epstopdf)                    size: 12680 bytes
(epstopdf)             Command: <repstopdf --outfile=UTUC_stat-eps-converted-to
.pdf UTUC_stat.eps>
(epstopdf)             \includegraphics on input line 87.
Package epstopdf Info: Output file is already uptodate.

<UTUC_stat-eps-converted-to.pdf, id=7, 1084.05pt x 361.35pt>
File: UTUC_stat-eps-converted-to.pdf Graphic file (type pdf)

<use UTUC_stat-eps-converted-to.pdf>
Package pdftex.def Info: UTUC_stat-eps-converted-to.pdf used on input line 87.
(pdftex.def)             Requested size: 426.79733pt x 142.26578pt.
Package epstopdf Info: Source file: <UTUC_AA_AAlike_cor.eps>
(epstopdf)                    date: 2015-03-01 13:37:56
(epstopdf)                    size: 6187 bytes
(epstopdf)             Output file: <UTUC_AA_AAlike_cor-eps-converted-to.pdf>
(epstopdf)                    date: 2015-05-16 16:36:30
(epstopdf)                    size: 10155 bytes
(epstopdf)             Command: <repstopdf --outfile=UTUC_AA_AAlike_cor-eps-con
verted-to.pdf UTUC_AA_AAlike_cor.eps>
(epstopdf)             \includegraphics on input line 95.
Package epstopdf Info: Output file is already uptodate.

<UTUC_AA_AAlike_cor-eps-converted-to.pdf, id=8, 578.16pt x 578.16pt>
File: UTUC_AA_AAlike_cor-eps-converted-to.pdf Graphic file (type pdf)

<use UTUC_AA_AAlike_cor-eps-converted-to.pdf>
Package pdftex.def Info: UTUC_AA_AAlike_cor-eps-converted-to.pdf used on input 
line 95.
(pdftex.def)             Requested size: 284.52713pt x 284.52713pt.
 [1

{/usr/local/texlive/2014/texmf-var/fonts/map/pdftex/updmap/pdftex.map}] [2 <./U
TUC_signature_K2-eps-converted-to.pdf> <./UTUC_signature_K3-eps-converted-to.pd
f> <./UTUC_signature_K4-eps-converted-to.pdf>] [3 <./UTUC_stat-eps-converted-to
.pdf> <./UTUC_AA_AAlike_cor-eps-converted-to.pdf>] (./TextS2.aux)

LaTeX Warning: Label(s) may have changed. Rerun to get cross-references right.

 ) 
Here is how much of TeX's memory you used:
 2782 strings out of 493109
 37315 string characters out of 6135003
 96414 words of memory out of 5000000
 6186 multiletter control sequences out of 15000+600000
 13651 words of font info for 51 fonts, out of 8000000 for 9000
 1141 hyphenation exceptions out of 8191
 38i,6n,26p,278b,261s stack positions out of 5000i,500n,10000p,200000b,80000s
</usr/local/texlive/2014/texmf-dist/fonts/type1/public/amsfonts/cm/cmbx12.pfb
></usr/local/texlive/2014/texmf-dist/fonts/type1/public/amsfonts/cm/cmmi10.pfb>
</usr/local/texlive/2014/texmf-dist/fonts/type1/public/amsfonts/cm/cmmi8.pfb></
usr/local/texlive/2014/texmf-dist/fonts/type1/public/amsfonts/cm/cmr10.pfb></us
r/local/texlive/2014/texmf-dist/fonts/type1/public/amsfonts/cm/cmr8.pfb>
Output written on TextS2.pdf (3 pages, 103985 bytes).
PDF statistics:
 88 PDF objects out of 1000 (max. 8388607)
 58 compressed objects within 1 object stream
 0 named destinations out of 1000 (max. 500000)
 44 words of extra memory for PDF output out of 10000 (max. 10000000)

