This is pdfTeX, Version 3.14159265-2.6-1.40.15 (TeX Live 2014) (preloaded format=pdflatex 2014.11.24)  18 MAY 2015 09:07
entering extended mode
 restricted \write18 enabled.
 file:line:error style messages enabled.
 %&-line parsing enabled.
**supp.tex
(./supp.tex
LaTeX2e <2014/05/01>
Babel <3.9l> and hyphenation patterns for 79 languages loaded.
(/usr/local/texlive/2014/texmf-dist/tex/latex/base/article.cls
Document Class: article 2014/09/29 v1.4h Standard LaTeX document class
(/usr/local/texlive/2014/texmf-dist/tex/latex/base/size10.clo
File: size10.clo 2014/09/29 v1.4h Standard LaTeX file (size option)
)
\c@part=\count79
\c@section=\count80
\c@subsection=\count81
\c@subsubsection=\count82
\c@paragraph=\count83
\c@subparagraph=\count84
\c@figure=\count85
\c@table=\count86
\abovecaptionskip=\skip41
\belowcaptionskip=\skip42
\bibindent=\dimen102
)
(/usr/local/texlive/2014/texmf-dist/tex/latex/amsmath/amsmath.sty
Package: amsmath 2013/01/14 v2.14 AMS math features
\@mathmargin=\skip43

For additional information on amsmath, use the `?' option.
(/usr/local/texlive/2014/texmf-dist/tex/latex/amsmath/amstext.sty
Package: amstext 2000/06/29 v2.01

(/usr/local/texlive/2014/texmf-dist/tex/latex/amsmath/amsgen.sty
File: amsgen.sty 1999/11/30 v2.0
\@emptytoks=\toks14
\ex@=\dimen103
))
(/usr/local/texlive/2014/texmf-dist/tex/latex/amsmath/amsbsy.sty
Package: amsbsy 1999/11/29 v1.2d
\pmbraise@=\dimen104
)
(/usr/local/texlive/2014/texmf-dist/tex/latex/amsmath/amsopn.sty
Package: amsopn 1999/12/14 v2.01 operator names
)
\inf@bad=\count87
LaTeX Info: Redefining \frac on input line 210.
\uproot@=\count88
\leftroot@=\count89
LaTeX Info: Redefining \overline on input line 306.
\classnum@=\count90
\DOTSCASE@=\count91
LaTeX Info: Redefining \ldots on input line 378.
LaTeX Info: Redefining \dots on input line 381.
LaTeX Info: Redefining \cdots on input line 466.
\Mathstrutbox@=\box26
\strutbox@=\box27
\big@size=\dimen105
LaTeX Font Info:    Redeclaring font encoding OML on input line 566.
LaTeX Font Info:    Redeclaring font encoding OMS on input line 567.
\macc@depth=\count92
\c@MaxMatrixCols=\count93
\dotsspace@=\muskip10
\c@parentequation=\count94
\dspbrk@lvl=\count95
\tag@help=\toks15
\row@=\count96
\column@=\count97
\maxfields@=\count98
\andhelp@=\toks16
\eqnshift@=\dimen106
\alignsep@=\dimen107
\tagshift@=\dimen108
\tagwidth@=\dimen109
\totwidth@=\dimen110
\lineht@=\dimen111
\@envbody=\toks17
\multlinegap=\skip44
\multlinetaggap=\skip45
\mathdisplay@stack=\toks18
LaTeX Info: Redefining \[ on input line 2665.
LaTeX Info: Redefining \] on input line 2666.
)
(/usr/local/texlive/2014/texmf-dist/tex/latex/amsfonts/amssymb.sty
Package: amssymb 2013/01/14 v3.01 AMS font symbols

(/usr/local/texlive/2014/texmf-dist/tex/latex/amsfonts/amsfonts.sty
Package: amsfonts 2013/01/14 v3.01 Basic AMSFonts support
\symAMSa=\mathgroup4
\symAMSb=\mathgroup5
LaTeX Font Info:    Overwriting math alphabet `\mathfrak' in version `bold'
(Font)                  U/euf/m/n --> U/euf/b/n on input line 106.
))
(/usr/local/texlive/2014/texmf-dist/tex/latex/graphics/graphicx.sty
Package: graphicx 2014/10/28 v1.0g Enhanced LaTeX Graphics (DPC,SPQR)

(/usr/local/texlive/2014/texmf-dist/tex/latex/graphics/keyval.sty
Package: keyval 2014/10/28 v1.15 key=value parser (DPC)
\KV@toks@=\toks19
)
(/usr/local/texlive/2014/texmf-dist/tex/latex/graphics/graphics.sty
Package: graphics 2014/10/28 v1.0p Standard LaTeX Graphics (DPC,SPQR)

(/usr/local/texlive/2014/texmf-dist/tex/latex/graphics/trig.sty
Package: trig 1999/03/16 v1.09 sin cos tan (DPC)
)
(/usr/local/texlive/2014/texmf-dist/tex/latex/latexconfig/graphics.cfg
File: graphics.cfg 2010/04/23 v1.9 graphics configuration of TeX Live
)
Package graphics Info: Driver file: pdftex.def on input line 91.

(/usr/local/texlive/2014/texmf-dist/tex/latex/pdftex-def/pdftex.def
File: pdftex.def 2011/05/27 v0.06d Graphics/color for pdfTeX

(/usr/local/texlive/2014/texmf-dist/tex/generic/oberdiek/infwarerr.sty
Package: infwarerr 2010/04/08 v1.3 Providing info/warning/error messages (HO)
)
(/usr/local/texlive/2014/texmf-dist/tex/generic/oberdiek/ltxcmds.sty
Package: ltxcmds 2011/11/09 v1.22 LaTeX kernel commands for general use (HO)
)
\Gread@gobject=\count99
))
\Gin@req@height=\dimen112
\Gin@req@width=\dimen113
)
(/usr/local/texlive/2014/texmf-dist/tex/latex/subfigure/subfigure.sty
Package: subfigure 2002/03/15 v2.1.5 subfigure package
\subfigtopskip=\skip46
\subfigcapskip=\skip47
\subfigcaptopadj=\dimen114
\subfigbottomskip=\skip48
\subfigcapmargin=\dimen115
\subfiglabelskip=\skip49
\c@subfigure=\count100
\c@lofdepth=\count101
\c@subtable=\count102
\c@lotdepth=\count103

****************************************
* Local config file subfigure.cfg used *
****************************************
(/usr/local/texlive/2014/texmf-dist/tex/latex/subfigure/subfigure.cfg)
\subfig@top=\skip50
\subfig@bottom=\skip51
)
(/usr/local/texlive/2014/texmf-dist/tex/latex/url/url.sty
\Urlmuskip=\muskip11
Package: url 2013/09/16  ver 3.4  Verb mode for urls, etc.
)
(/usr/local/texlive/2014/texmf-dist/tex/latex/tools/bm.sty
Package: bm 2014/10/28 v1.1c Bold Symbol Support (DPC/FMi)
\symboldoperators=\mathgroup6
\symboldletters=\mathgroup7
\symboldsymbols=\mathgroup8
LaTeX Font Info:    Redeclaring math alphabet \mathbf on input line 137.
LaTeX Info: Redefining \bm on input line 203.
)
(/usr/local/texlive/2014/texmf-dist/tex/latex/setspace/setspace.sty
Package: setspace 2011/12/19 v6.7a set line spacing
)
\c@thm=\count104

(./supp.aux

LaTeX Warning: Label `tab_rep' multiply defined.


LaTeX Warning: Label `LGG_membership' multiply defined.


LaTeX Warning: Label `sub@LGG_membership' multiply defined.


LaTeX Warning: Label `LGG_membership_log' multiply defined.


LaTeX Warning: Label `sub@LGG_membership_log' multiply defined.


LaTeX Warning: Label `LGG_membership_log' multiply defined.


LaTeX Warning: Label `sub@LGG_membership_log' multiply defined.


LaTeX Warning: Label `LGG_nature2013_sig' multiply defined.


LaTeX Warning: Label `sub@LGG_nature2013_sig' multiply defined.


LaTeX Warning: Label `LGG_membership' multiply defined.


LaTeX Warning: Label `sub@LGG_membership' multiply defined.


LaTeX Warning: Label `LGG_membership_log' multiply defined.


LaTeX Warning: Label `sub@LGG_membership_log' multiply defined.

)
\openout1 = `supp.aux'.

LaTeX Font Info:    Checking defaults for OML/cmm/m/it on input line 30.
LaTeX Font Info:    ... okay on input line 30.
LaTeX Font Info:    Checking defaults for T1/cmr/m/n on input line 30.
LaTeX Font Info:    ... okay on input line 30.
LaTeX Font Info:    Checking defaults for OT1/cmr/m/n on input line 30.
LaTeX Font Info:    ... okay on input line 30.
LaTeX Font Info:    Checking defaults for OMS/cmsy/m/n on input line 30.
LaTeX Font Info:    ... okay on input line 30.
LaTeX Font Info:    Checking defaults for OMX/cmex/m/n on input line 30.
LaTeX Font Info:    ... okay on input line 30.
LaTeX Font Info:    Checking defaults for U/cmr/m/n on input line 30.
LaTeX Font Info:    ... okay on input line 30.
 (/usr/local/texlive/2014/texmf-dist/tex/context/base/supp-pdf.mkii
[Loading MPS to PDF converter (version 2006.09.02).]
\scratchcounter=\count105
\scratchdimen=\dimen116
\scratchbox=\box28
\nofMPsegments=\count106
\nofMParguments=\count107
\everyMPshowfont=\toks20
\MPscratchCnt=\count108
\MPscratchDim=\dimen117
\MPnumerator=\count109
\makeMPintoPDFobject=\count110
\everyMPtoPDFconversion=\toks21
) (/usr/local/texlive/2014/texmf-dist/tex/generic/oberdiek/pdftexcmds.sty
Package: pdftexcmds 2011/11/29 v0.20 Utility functions of pdfTeX for LuaTeX (HO
)

(/usr/local/texlive/2014/texmf-dist/tex/generic/oberdiek/ifluatex.sty
Package: ifluatex 2010/03/01 v1.3 Provides the ifluatex switch (HO)
Package ifluatex Info: LuaTeX not detected.
)
(/usr/local/texlive/2014/texmf-dist/tex/generic/oberdiek/ifpdf.sty
Package: ifpdf 2011/01/30 v2.3 Provides the ifpdf switch (HO)
Package ifpdf Info: pdfTeX in PDF mode is detected.
)
Package pdftexcmds Info: LuaTeX not detected.
Package pdftexcmds Info: \pdf@primitive is available.
Package pdftexcmds Info: \pdf@ifprimitive is available.
Package pdftexcmds Info: \pdfdraftmode found.
)
(/usr/local/texlive/2014/texmf-dist/tex/latex/oberdiek/epstopdf-base.sty
Package: epstopdf-base 2010/02/09 v2.5 Base part for package epstopdf

(/usr/local/texlive/2014/texmf-dist/tex/latex/oberdiek/grfext.sty
Package: grfext 2010/08/19 v1.1 Manage graphics extensions (HO)

(/usr/local/texlive/2014/texmf-dist/tex/generic/oberdiek/kvdefinekeys.sty
Package: kvdefinekeys 2011/04/07 v1.3 Define keys (HO)
))
(/usr/local/texlive/2014/texmf-dist/tex/latex/oberdiek/kvoptions.sty
Package: kvoptions 2011/06/30 v3.11 Key value format for package options (HO)

(/usr/local/texlive/2014/texmf-dist/tex/generic/oberdiek/kvsetkeys.sty
Package: kvsetkeys 2012/04/25 v1.16 Key value parser (HO)

(/usr/local/texlive/2014/texmf-dist/tex/generic/oberdiek/etexcmds.sty
Package: etexcmds 2011/02/16 v1.5 Avoid name clashes with e-TeX commands (HO)
Package etexcmds Info: Could not find \expanded.
(etexcmds)             That can mean that you are not using pdfTeX 1.50 or
(etexcmds)             that some package has redefined \expanded.
(etexcmds)             In the latter case, load this package earlier.
)))
Package grfext Info: Graphics extension search list:
(grfext)             [.png,.pdf,.jpg,.mps,.jpeg,.jbig2,.jb2,.PNG,.PDF,.JPG,.JPE
G,.JBIG2,.JB2,.eps]
(grfext)             \AppendGraphicsExtensions on input line 452.

(/usr/local/texlive/2014/texmf-dist/tex/latex/latexconfig/epstopdf-sys.cfg
File: epstopdf-sys.cfg 2010/07/13 v1.3 Configuration of (r)epstopdf for TeX Liv
e
))
LaTeX Font Info:    Try loading font information for U+msa on input line 42.

(/usr/local/texlive/2014/texmf-dist/tex/latex/amsfonts/umsa.fd
File: umsa.fd 2013/01/14 v3.01 AMS symbols A
)
LaTeX Font Info:    Try loading font information for U+msb on input line 42.

(/usr/local/texlive/2014/texmf-dist/tex/latex/amsfonts/umsb.fd
File: umsb.fd 2013/01/14 v3.01 AMS symbols B
)

LaTeX Warning: Reference `UTUC:APOBEC_ind5_sig' on page 1 undefined on input li
ne 80.


LaTeX Warning: Reference `UTUC:AA_ind5_sig' on page 1 undefined on input line 8
0.

[1

{/usr/local/texlive/2014/texmf-var/fonts/map/pdftex/updmap/pdftex.map}]
[2]
No file supp.bbl.
[3] [4

] [5]
Package epstopdf Info: Source file: <simulation_result.eps>
(epstopdf)                    date: 2015-02-27 15:58:19
(epstopdf)                    size: 68409 bytes
(epstopdf)             Output file: <simulation_result-eps-converted-to.pdf>
(epstopdf)                    date: 2015-04-28 02:01:19
(epstopdf)                    size: 37423 bytes
(epstopdf)             Command: <repstopdf --outfile=simulation_result-eps-conv
erted-to.pdf simulation_result.eps>
(epstopdf)             \includegraphics on input line 306.
Package epstopdf Info: Output file is already uptodate.

<simulation_result-eps-converted-to.pdf, id=32, 1084.05pt x 433.62pt>
File: simulation_result-eps-converted-to.pdf Graphic file (type pdf)

<use simulation_result-eps-converted-to.pdf>
Package pdftex.def Info: simulation_result-eps-converted-to.pdf used on input l
ine 306.
(pdftex.def)             Requested size: 455.24828pt x 170.71892pt.

Overfull \hbox (3.33752pt too wide) in paragraph at lines 306--307
[][] 
 []

Package epstopdf Info: Source file: <simulation_signature_example.eps>
(epstopdf)                    date: 2015-03-01 11:13:27
(epstopdf)                    size: 33203 bytes
(epstopdf)             Output file: <simulation_signature_example-eps-converted
-to.pdf>
(epstopdf)                    date: 2015-03-01 11:17:30
(epstopdf)                    size: 12301 bytes
(epstopdf)             Command: <repstopdf --outfile=simulation_signature_examp
le-eps-converted-to.pdf simulation_signature_example.eps>
(epstopdf)             \includegraphics on input line 314.
Package epstopdf Info: Output file is already uptodate.

<simulation_signature_example-eps-converted-to.pdf, id=33, 1084.05pt x 397.485p
t>
File: simulation_signature_example-eps-converted-to.pdf Graphic file (type pdf)

 <use simulation_signature_example-eps-converted-to.pdf>
Package pdftex.def Info: simulation_signature_example-eps-converted-to.pdf used
 on input line 314.
(pdftex.def)             Requested size: 426.79733pt x 156.49234pt.
Package epstopdf Info: Source file: <simulation_stat.eps>
(epstopdf)                    date: 2015-03-01 11:11:51
(epstopdf)                    size: 10276 bytes
(epstopdf)             Output file: <simulation_stat-eps-converted-to.pdf>
(epstopdf)                    date: 2015-03-01 11:17:32
(epstopdf)                    size: 12550 bytes
(epstopdf)             Command: <repstopdf --outfile=simulation_stat-eps-conver
ted-to.pdf simulation_stat.eps>
(epstopdf)             \includegraphics on input line 320.
Package epstopdf Info: Output file is already uptodate.

<simulation_stat-eps-converted-to.pdf, id=34, 1084.05pt x 361.35pt>
File: simulation_stat-eps-converted-to.pdf Graphic file (type pdf)

<use simulation_stat-eps-converted-to.pdf>
Package pdftex.def Info: simulation_stat-eps-converted-to.pdf used on input lin
e 320.
(pdftex.def)             Requested size: 341.42793pt x 113.80931pt.
 [6 <./simulation_result-eps-converted-to.pdf> <./simulation_signature_example-
eps-converted-to.pdf> <./simulation_stat-eps-converted-to.pdf>]
Package epstopdf Info: Source file: <UTUC_signature_K2.eps>
(epstopdf)                    date: 2015-03-01 13:37:56
(epstopdf)                    size: 11496 bytes
(epstopdf)             Output file: <UTUC_signature_K2-eps-converted-to.pdf>
(epstopdf)                    date: 2015-03-01 13:38:11
(epstopdf)                    size: 10964 bytes
(epstopdf)             Command: <repstopdf --outfile=UTUC_signature_K2-eps-conv
erted-to.pdf UTUC_signature_K2.eps>
(epstopdf)             \includegraphics on input line 335.
Package epstopdf Info: Output file is already uptodate.

<UTUC_signature_K2-eps-converted-to.pdf, id=69, 1084.05pt x 433.62pt>
File: UTUC_signature_K2-eps-converted-to.pdf Graphic file (type pdf)

<use UTUC_signature_K2-eps-converted-to.pdf>
Package pdftex.def Info: UTUC_signature_K2-eps-converted-to.pdf used on input l
ine 335.
(pdftex.def)             Requested size: 426.79733pt x 170.71892pt.
Package epstopdf Info: Source file: <UTUC_signature_K3.eps>
(epstopdf)                    date: 2015-03-01 13:37:56
(epstopdf)                    size: 17208 bytes
(epstopdf)             Output file: <UTUC_signature_K3-eps-converted-to.pdf>
(epstopdf)                    date: 2015-03-01 13:38:12
(epstopdf)                    size: 11985 bytes
(epstopdf)             Command: <repstopdf --outfile=UTUC_signature_K3-eps-conv
erted-to.pdf UTUC_signature_K3.eps>
(epstopdf)             \includegraphics on input line 340.
Package epstopdf Info: Output file is already uptodate.

<UTUC_signature_K3-eps-converted-to.pdf, id=71, 1084.05pt x 433.62pt>
File: UTUC_signature_K3-eps-converted-to.pdf Graphic file (type pdf)

<use UTUC_signature_K3-eps-converted-to.pdf>
Package pdftex.def Info: UTUC_signature_K3-eps-converted-to.pdf used on input l
ine 340.
(pdftex.def)             Requested size: 426.79733pt x 170.71892pt.
Package epstopdf Info: Source file: <UTUC_signature_K4.eps>
(epstopdf)                    date: 2015-03-01 13:37:56
(epstopdf)                    size: 22934 bytes
(epstopdf)             Output file: <UTUC_signature_K4-eps-converted-to.pdf>
(epstopdf)                    date: 2015-03-01 13:38:14
(epstopdf)                    size: 12904 bytes
(epstopdf)             Command: <repstopdf --outfile=UTUC_signature_K4-eps-conv
erted-to.pdf UTUC_signature_K4.eps>
(epstopdf)             \includegraphics on input line 345.
Package epstopdf Info: Output file is already uptodate.

<UTUC_signature_K4-eps-converted-to.pdf, id=73, 1084.05pt x 433.62pt>
File: UTUC_signature_K4-eps-converted-to.pdf Graphic file (type pdf)

<use UTUC_signature_K4-eps-converted-to.pdf>
Package pdftex.def Info: UTUC_signature_K4-eps-converted-to.pdf used on input l
ine 345.
(pdftex.def)             Requested size: 426.79733pt x 170.71892pt.
 [7 <./UTUC_signature_K2-eps-converted-to.pdf> <./UTUC_signature_K3-eps-convert
ed-to.pdf> <./UTUC_signature_K4-eps-converted-to.pdf>]
Package epstopdf Info: Source file: <UTUC_stat.eps>
(epstopdf)                    date: 2015-03-01 11:18:25
(epstopdf)                    size: 10472 bytes
(epstopdf)             Output file: <UTUC_stat-eps-converted-to.pdf>
(epstopdf)                    date: 2015-03-01 11:18:48
(epstopdf)                    size: 12680 bytes
(epstopdf)             Command: <repstopdf --outfile=UTUC_stat-eps-converted-to
.pdf UTUC_stat.eps>
(epstopdf)             \includegraphics on input line 357.
Package epstopdf Info: Output file is already uptodate.

<UTUC_stat-eps-converted-to.pdf, id=106, 1084.05pt x 361.35pt>
File: UTUC_stat-eps-converted-to.pdf Graphic file (type pdf)

<use UTUC_stat-eps-converted-to.pdf>
Package pdftex.def Info: UTUC_stat-eps-converted-to.pdf used on input line 357.

(pdftex.def)             Requested size: 426.79733pt x 142.26578pt.
 [8 <./UTUC_stat-eps-converted-to.pdf>]
Package epstopdf Info: Source file: <UTUC_AA_AAlike_cor.eps>
(epstopdf)                    date: 2015-03-01 13:37:56
(epstopdf)                    size: 6187 bytes
(epstopdf)             Output file: <UTUC_AA_AAlike_cor-eps-converted-to.pdf>
(epstopdf)                    date: 2015-03-01 13:38:15
(epstopdf)                    size: 10155 bytes
(epstopdf)             Command: <repstopdf --outfile=UTUC_AA_AAlike_cor-eps-con
verted-to.pdf UTUC_AA_AAlike_cor.eps>
(epstopdf)             \includegraphics on input line 366.
Package epstopdf Info: Output file is already uptodate.

<UTUC_AA_AAlike_cor-eps-converted-to.pdf, id=122, 578.16pt x 578.16pt>
File: UTUC_AA_AAlike_cor-eps-converted-to.pdf Graphic file (type pdf)

<use UTUC_AA_AAlike_cor-eps-converted-to.pdf>
Package pdftex.def Info: UTUC_AA_AAlike_cor-eps-converted-to.pdf used on input 
line 366.
(pdftex.def)             Requested size: 284.52713pt x 284.52713pt.
 [9 <./UTUC_AA_AAlike_cor-eps-converted-to.pdf>]
Package epstopdf Info: Source file: <UTUC_APOBEC_twoFivePrime.eps>
(epstopdf)                    date: 2015-03-03 11:24:58
(epstopdf)                    size: 8194 bytes
(epstopdf)             Output file: <UTUC_APOBEC_twoFivePrime-eps-converted-to.
pdf>
(epstopdf)                    date: 2015-03-03 16:59:36
(epstopdf)                    size: 10649 bytes
(epstopdf)             Command: <repstopdf --outfile=UTUC_APOBEC_twoFivePrime-e
ps-converted-to.pdf UTUC_APOBEC_twoFivePrime.eps>
(epstopdf)             \includegraphics on input line 376.
Package epstopdf Info: Output file is already uptodate.

<UTUC_APOBEC_twoFivePrime-eps-converted-to.pdf, id=133, 289.08pt x 578.16pt>
File: UTUC_APOBEC_twoFivePrime-eps-converted-to.pdf Graphic file (type pdf)

<use UTUC_APOBEC_twoFivePrime-eps-converted-to.pdf>
Package pdftex.def Info: UTUC_APOBEC_twoFivePrime-eps-converted-to.pdf used on 
input line 376.
(pdftex.def)             Requested size: 113.8082pt x 227.61641pt.
 [10 <./UTUC_APOBEC_twoFivePrime-eps-converted-to.pdf>]
Package epstopdf Info: Source file: <signatureList_APOBEC.eps>
(epstopdf)                    date: 2015-05-14 12:05:07
(epstopdf)                    size: 53097 bytes
(epstopdf)             Output file: <signatureList_APOBEC-eps-converted-to.pdf>

(epstopdf)                    date: 2015-05-14 12:05:17
(epstopdf)                    size: 16784 bytes
(epstopdf)             Command: <repstopdf --outfile=signatureList_APOBEC-eps-c
onverted-to.pdf signatureList_APOBEC.eps>
(epstopdf)             \includegraphics on input line 388.
Package epstopdf Info: Output file is already uptodate.

<signatureList_APOBEC-eps-converted-to.pdf, id=147, 1084.05pt x 519.9425pt>
File: signatureList_APOBEC-eps-converted-to.pdf Graphic file (type pdf)

<use signatureList_APOBEC-eps-converted-to.pdf>
Package pdftex.def Info: signatureList_APOBEC-eps-converted-to.pdf used on inpu
t line 388.
(pdftex.def)             Requested size: 426.79733pt x 213.39201pt.
Package epstopdf Info: Source file: <signatureList_LUNG.eps>
(epstopdf)                    date: 2015-05-14 12:05:07
(epstopdf)                    size: 19161 bytes
(epstopdf)             Output file: <signatureList_LUNG-eps-converted-to.pdf>
(epstopdf)                    date: 2015-05-14 12:05:18
(epstopdf)                    size: 11639 bytes
(epstopdf)             Command: <repstopdf --outfile=signatureList_LUNG-eps-con
verted-to.pdf signatureList_LUNG.eps>
(epstopdf)             \includegraphics on input line 392.
Package epstopdf Info: Output file is already uptodate.

<signatureList_LUNG-eps-converted-to.pdf, id=148, 1084.05pt x 173.64874pt>
File: signatureList_LUNG-eps-converted-to.pdf Graphic file (type pdf)

<use signatureList_LUNG-eps-converted-to.pdf>
Package pdftex.def Info: signatureList_LUNG-eps-converted-to.pdf used on input 
line 392.
(pdftex.def)             Requested size: 426.79733pt x 71.13284pt.
Package epstopdf Info: Source file: <signatureList_POLE1.eps>
(epstopdf)                    date: 2015-05-14 12:05:07
(epstopdf)                    size: 11626 bytes
(epstopdf)             Output file: <signatureList_POLE1-eps-converted-to.pdf>
(epstopdf)                    date: 2015-05-14 12:05:20
(epstopdf)                    size: 9959 bytes
(epstopdf)             Command: <repstopdf --outfile=signatureList_POLE1-eps-co
nverted-to.pdf signatureList_POLE1.eps>
(epstopdf)             \includegraphics on input line 396.
Package epstopdf Info: Output file is already uptodate.

<signatureList_POLE1-eps-converted-to.pdf, id=149, 542.025pt x 173.64874pt>
File: signatureList_POLE1-eps-converted-to.pdf Graphic file (type pdf)

<use signatureList_POLE1-eps-converted-to.pdf>
Package pdftex.def Info: signatureList_POLE1-eps-converted-to.pdf used on input
 line 396.
(pdftex.def)             Requested size: 213.39865pt x 71.13284pt.
Package epstopdf Info: Source file: <signatureList_POLE2.eps>
(epstopdf)                    date: 2015-05-14 12:05:07
(epstopdf)                    size: 11359 bytes
(epstopdf)             Output file: <signatureList_POLE2-eps-converted-to.pdf>
(epstopdf)                    date: 2015-05-14 12:05:21
(epstopdf)                    size: 9995 bytes
(epstopdf)             Command: <repstopdf --outfile=signatureList_POLE2-eps-co
nverted-to.pdf signatureList_POLE2.eps>
(epstopdf)             \includegraphics on input line 400.
Package epstopdf Info: Output file is already uptodate.

<signatureList_POLE2-eps-converted-to.pdf, id=150, 542.025pt x 173.64874pt>
File: signatureList_POLE2-eps-converted-to.pdf Graphic file (type pdf)

<use signatureList_POLE2-eps-converted-to.pdf>
Package pdftex.def Info: signatureList_POLE2-eps-converted-to.pdf used on input
 line 400.
(pdftex.def)             Requested size: 213.39865pt x 71.13284pt.
Package epstopdf Info: Source file: <signatureList_UV.eps>
(epstopdf)                    date: 2015-05-14 12:05:07
(epstopdf)                    size: 11248 bytes
(epstopdf)             Output file: <signatureList_UV-eps-converted-to.pdf>
(epstopdf)                    date: 2015-05-14 12:05:22
(epstopdf)                    size: 9819 bytes
(epstopdf)             Command: <repstopdf --outfile=signatureList_UV-eps-conve
rted-to.pdf signatureList_UV.eps>
(epstopdf)             \includegraphics on input line 404.
Package epstopdf Info: Output file is already uptodate.

<signatureList_UV-eps-converted-to.pdf, id=151, 542.025pt x 173.64874pt>
File: signatureList_UV-eps-converted-to.pdf Graphic file (type pdf)

<use signatureList_UV-eps-converted-to.pdf>
Package pdftex.def Info: signatureList_UV-eps-converted-to.pdf used on input li
ne 404.
(pdftex.def)             Requested size: 213.39865pt x 71.13284pt.
Package epstopdf Info: Source file: <signatureList_LMST.eps>
(epstopdf)                    date: 2015-05-14 12:05:07
(epstopdf)                    size: 11360 bytes
(epstopdf)             Output file: <signatureList_LMST-eps-converted-to.pdf>
(epstopdf)                    date: 2015-05-14 12:05:23
(epstopdf)                    size: 10225 bytes
(epstopdf)             Command: <repstopdf --outfile=signatureList_LMST-eps-con
verted-to.pdf signatureList_LMST.eps>
(epstopdf)             \includegraphics on input line 408.
Package epstopdf Info: Output file is already uptodate.

<signatureList_LMST-eps-converted-to.pdf, id=152, 542.025pt x 173.64874pt>
File: signatureList_LMST-eps-converted-to.pdf Graphic file (type pdf)

<use signatureList_LMST-eps-converted-to.pdf>
Package pdftex.def Info: signatureList_LMST-eps-converted-to.pdf used on input 
line 408.
(pdftex.def)             Requested size: 213.39865pt x 71.13284pt.
 [11 <./signatureList_APOBEC-eps-converted-to.pdf> <./signatureList_LUNG-eps-co
nverted-to.pdf> <./signatureList_POLE1-eps-converted-to.pdf> <./signatureList_P
OLE2-eps-converted-to.pdf> <./signatureList_UV-eps-converted-to.pdf> <./signatu
reList_LMST-eps-converted-to.pdf>]
Package epstopdf Info: Source file: <example96_Glioma-Low-Grade.eps>
(epstopdf)                    date: 2015-03-14 10:00:23
(epstopdf)                    size: 13598 bytes
(epstopdf)             Output file: <example96_Glioma-Low-Grade-eps-converted-t
o.pdf>
(epstopdf)                    date: 2015-03-14 10:08:12
(epstopdf)                    size: 11102 bytes
(epstopdf)             Command: <repstopdf --outfile=example96_Glioma-Low-Grade
-eps-converted-to.pdf example96_Glioma-Low-Grade.eps>
(epstopdf)             \includegraphics on input line 429.
Package epstopdf Info: Output file is already uptodate.

<example96_Glioma-Low-Grade-eps-converted-to.pdf, id=205, 867.24pt x 216.81pt>
File: example96_Glioma-Low-Grade-eps-converted-to.pdf Graphic file (type pdf)

<use example96_Glioma-Low-Grade-eps-converted-to.pdf>
Package pdftex.def Info: example96_Glioma-Low-Grade-eps-converted-to.pdf used o
n input line 429.
(pdftex.def)             Requested size: 341.43787pt x 85.35945pt.
Package epstopdf Info: Source file: <Glioma-Low-Grade_membership.eps>
(epstopdf)                    date: 2015-03-14 10:34:09
(epstopdf)                    size: 26594 bytes
(epstopdf)             Output file: <Glioma-Low-Grade_membership-eps-converted-
to.pdf>
(epstopdf)                    date: 2015-03-14 10:35:09
(epstopdf)                    size: 12723 bytes
(epstopdf)             Command: <repstopdf --outfile=Glioma-Low-Grade_membershi
p-eps-converted-to.pdf Glioma-Low-Grade_membership.eps>
(epstopdf)             \includegraphics on input line 433.
Package epstopdf Info: Output file is already uptodate.

<Glioma-Low-Grade_membership-eps-converted-to.pdf, id=207, 867.24pt x 289.08pt>
File: Glioma-Low-Grade_membership-eps-converted-to.pdf Graphic file (type pdf)
<use Glioma-Low-Grade_membership-eps-converted-to.pdf>
Package pdftex.def Info: Glioma-Low-Grade_membership-eps-converted-to.pdf used 
on input line 433.
(pdftex.def)             Requested size: 341.43787pt x 113.8082pt.
Package epstopdf Info: Source file: <Glioma-Low-Grade_membership_log.eps>
(epstopdf)                    date: 2015-03-14 10:34:09
(epstopdf)                    size: 27010 bytes
(epstopdf)             Output file: <Glioma-Low-Grade_membership_log-eps-conver
ted-to.pdf>
(epstopdf)                    date: 2015-03-14 10:35:10
(epstopdf)                    size: 13365 bytes
(epstopdf)             Command: <repstopdf --outfile=Glioma-Low-Grade_membershi
p_log-eps-converted-to.pdf Glioma-Low-Grade_membership_log.eps>
(epstopdf)             \includegraphics on input line 437.
Package epstopdf Info: Output file is already uptodate.

<Glioma-Low-Grade_membership_log-eps-converted-to.pdf, id=209, 867.24pt x 289.0
8pt>
File: Glioma-Low-Grade_membership_log-eps-converted-to.pdf Graphic file (type p
df)
 <use Glioma-Low-Grade_membership_log-eps-converted-to.pdf>
Package pdftex.def Info: Glioma-Low-Grade_membership_log-eps-converted-to.pdf u
sed on input line 437.
(pdftex.def)             Requested size: 341.43787pt x 113.8082pt.
 [12 <./example96_Glioma-Low-Grade-eps-converted-to.pdf> <./Glioma-Low-Grade_me
mbership-eps-converted-to.pdf> <./Glioma-Low-Grade_membership_log-eps-converted
-to.pdf>]
Package epstopdf Info: Source file: <Glioma-Low-Grade_original_signature_K2.eps
>
(epstopdf)                    date: 2015-03-14 11:25:20
(epstopdf)                    size: 10565 bytes
(epstopdf)             Output file: <Glioma-Low-Grade_original_signature_K2-eps
-converted-to.pdf>
(epstopdf)                    date: 2015-03-14 11:26:19
(epstopdf)                    size: 8562 bytes
(epstopdf)             Command: <repstopdf --outfile=Glioma-Low-Grade_original_
signature_K2-eps-converted-to.pdf Glioma-Low-Grade_original_signature_K2.eps>
(epstopdf)             \includegraphics on input line 457.
Package epstopdf Info: Output file is already uptodate.

<Glioma-Low-Grade_original_signature_K2-eps-converted-to.pdf, id=247, 1084.05pt
 x 180.675pt>
File: Glioma-Low-Grade_original_signature_K2-eps-converted-to.pdf Graphic file 
(type pdf)

<use Glioma-Low-Grade_original_signature_K2-eps-converted-to.pdf>
Package pdftex.def Info: Glioma-Low-Grade_original_signature_K2-eps-converted-t
o.pdf used on input line 457.
(pdftex.def)             Requested size: 426.79733pt x 71.13287pt.
Package epstopdf Info: Source file: <Glioma-Low-Grade_removed_signature_K2.eps>

(epstopdf)                    date: 2015-03-14 11:25:17
(epstopdf)                    size: 6857 bytes
(epstopdf)             Output file: <Glioma-Low-Grade_removed_signature_K2-eps-
converted-to.pdf>
(epstopdf)                    date: 2015-03-14 11:26:20
(epstopdf)                    size: 8179 bytes
(epstopdf)             Command: <repstopdf --outfile=Glioma-Low-Grade_removed_s
ignature_K2-eps-converted-to.pdf Glioma-Low-Grade_removed_signature_K2.eps>
(epstopdf)             \includegraphics on input line 461.
Package epstopdf Info: Output file is already uptodate.

<Glioma-Low-Grade_removed_signature_K2-eps-converted-to.pdf, id=249, 1084.05pt 
x 180.675pt>
File: Glioma-Low-Grade_removed_signature_K2-eps-converted-to.pdf Graphic file (
type pdf)
 <use Glioma-Low-Grade_removed_signature_K2-eps-converted-to.pdf>
Package pdftex.def Info: Glioma-Low-Grade_removed_signature_K2-eps-converted-to
.pdf used on input line 461.
(pdftex.def)             Requested size: 426.79733pt x 71.13287pt.
Package epstopdf Info: Source file: <Glioma-Low-Grade_removed_signature_K3.eps>

(epstopdf)                    date: 2015-03-14 11:25:18
(epstopdf)                    size: 10667 bytes
(epstopdf)             Output file: <Glioma-Low-Grade_removed_signature_K3-eps-
converted-to.pdf>
(epstopdf)                    date: 2015-03-14 11:26:21
(epstopdf)                    size: 8589 bytes
(epstopdf)             Command: <repstopdf --outfile=Glioma-Low-Grade_removed_s
ignature_K3-eps-converted-to.pdf Glioma-Low-Grade_removed_signature_K3.eps>
(epstopdf)             \includegraphics on input line 466.
Package epstopdf Info: Output file is already uptodate.

<Glioma-Low-Grade_removed_signature_K3-eps-converted-to.pdf, id=251, 1084.05pt 
x 180.675pt>
File: Glioma-Low-Grade_removed_signature_K3-eps-converted-to.pdf Graphic file (
type pdf)
 <use Glioma-Low-Grade_removed_signature_K3-eps-converted-to.pdf>
Package pdftex.def Info: Glioma-Low-Grade_removed_signature_K3-eps-converted-to
.pdf used on input line 466.
(pdftex.def)             Requested size: 426.79733pt x 71.13287pt.
Package epstopdf Info: Source file: <Glioma-Low-Grade_removed_signature_K4.eps>

(epstopdf)                    date: 2015-03-14 11:25:18
(epstopdf)                    size: 14472 bytes
(epstopdf)             Output file: <Glioma-Low-Grade_removed_signature_K4-eps-
converted-to.pdf>
(epstopdf)                    date: 2015-03-14 11:26:22
(epstopdf)                    size: 8955 bytes
(epstopdf)             Command: <repstopdf --outfile=Glioma-Low-Grade_removed_s
ignature_K4-eps-converted-to.pdf Glioma-Low-Grade_removed_signature_K4.eps>
(epstopdf)             \includegraphics on input line 471.
Package epstopdf Info: Output file is already uptodate.

<Glioma-Low-Grade_removed_signature_K4-eps-converted-to.pdf, id=253, 1084.05pt 
x 180.675pt>
File: Glioma-Low-Grade_removed_signature_K4-eps-converted-to.pdf Graphic file (
type pdf)
 <use Glioma-Low-Grade_removed_signature_K4-eps-converted-to.pdf>
Package pdftex.def Info: Glioma-Low-Grade_removed_signature_K4-eps-converted-to
.pdf used on input line 471.
(pdftex.def)             Requested size: 426.79733pt x 71.13287pt.
Package epstopdf Info: Source file: <Glioma-Low-Grade_removed_signature_K5.eps>

(epstopdf)                    date: 2015-03-14 11:25:18
(epstopdf)                    size: 18221 bytes
(epstopdf)             Output file: <Glioma-Low-Grade_removed_signature_K5-eps-
converted-to.pdf>
(epstopdf)                    date: 2015-03-14 11:27:09
(epstopdf)                    size: 9393 bytes
(epstopdf)             Command: <repstopdf --outfile=Glioma-Low-Grade_removed_s
ignature_K5-eps-converted-to.pdf Glioma-Low-Grade_removed_signature_K5.eps>
(epstopdf)             \includegraphics on input line 475.
Package epstopdf Info: Output file is already uptodate.

<Glioma-Low-Grade_removed_signature_K5-eps-converted-to.pdf, id=255, 1084.05pt 
x 180.675pt>
File: Glioma-Low-Grade_removed_signature_K5-eps-converted-to.pdf Graphic file (
type pdf)
 <use Glioma-Low-Grade_removed_signature_K5-eps-converted-to.pdf>
Package pdftex.def Info: Glioma-Low-Grade_removed_signature_K5-eps-converted-to
.pdf used on input line 475.
(pdftex.def)             Requested size: 426.79733pt x 71.13287pt.

[13 <./Glioma-Low-Grade_original_signature_K2-eps-converted-to.pdf> <./Glioma-L
ow-Grade_removed_signature_K2-eps-converted-to.pdf> <./Glioma-Low-Grade_removed
_signature_K3-eps-converted-to.pdf> <./Glioma-Low-Grade_removed_signature_K4-ep
s-converted-to.pdf> <./Glioma-Low-Grade_removed_signature_K5-eps-converted-to.p
df>]
Package epstopdf Info: Source file: <Kidney-Clear-Cell_oxidation_signature.eps>

(epstopdf)                    date: 2015-03-14 11:46:39
(epstopdf)                    size: 6798 bytes
(epstopdf)             Output file: <Kidney-Clear-Cell_oxidation_signature-eps-
converted-to.pdf>
(epstopdf)                    date: 2015-03-14 11:46:53
(epstopdf)                    size: 8096 bytes
(epstopdf)             Command: <repstopdf --outfile=Kidney-Clear-Cell_oxidatio
n_signature-eps-converted-to.pdf Kidney-Clear-Cell_oxidation_signature.eps>
(epstopdf)             \includegraphics on input line 492.
Package epstopdf Info: Output file is already uptodate.

<Kidney-Clear-Cell_oxidation_signature-eps-converted-to.pdf, id=306, 361.35pt x
 216.81pt>
File: Kidney-Clear-Cell_oxidation_signature-eps-converted-to.pdf Graphic file (
type pdf)
 <use Kidney-Clear-Cell_oxidation_signature-eps-converted-to.pdf>
Package pdftex.def Info: Kidney-Clear-Cell_oxidation_signature-eps-converted-to
.pdf used on input line 492.
(pdftex.def)             Requested size: 136.57007pt x 85.35945pt.
Package epstopdf Info: Source file: <Lung-Adeno_oxidation_signature.eps>
(epstopdf)                    date: 2015-03-14 11:46:39
(epstopdf)                    size: 6789 bytes
(epstopdf)             Output file: <Lung-Adeno_oxidation_signature-eps-convert
ed-to.pdf>
(epstopdf)                    date: 2015-03-14 11:46:54
(epstopdf)                    size: 8177 bytes
(epstopdf)             Command: <repstopdf --outfile=Lung-Adeno_oxidation_signa
ture-eps-converted-to.pdf Lung-Adeno_oxidation_signature.eps>
(epstopdf)             \includegraphics on input line 496.
Package epstopdf Info: Output file is already uptodate.

<Lung-Adeno_oxidation_signature-eps-converted-to.pdf, id=308, 361.35pt x 216.81
pt>
File: Lung-Adeno_oxidation_signature-eps-converted-to.pdf Graphic file (type pd
f)
 <use Lung-Adeno_oxidation_signature-eps-converted-to.pdf>
Package pdftex.def Info: Lung-Adeno_oxidation_signature-eps-converted-to.pdf us
ed on input line 496.
(pdftex.def)             Requested size: 136.57007pt x 85.35945pt.
Package epstopdf Info: Source file: <Melanoma_oxidation_signature.eps>
(epstopdf)                    date: 2015-03-14 11:46:39
(epstopdf)                    size: 6852 bytes
(epstopdf)             Output file: <Melanoma_oxidation_signature-eps-converted
-to.pdf>
(epstopdf)                    date: 2015-03-14 11:46:56
(epstopdf)                    size: 8122 bytes
(epstopdf)             Command: <repstopdf --outfile=Melanoma_oxidation_signatu
re-eps-converted-to.pdf Melanoma_oxidation_signature.eps>
(epstopdf)             \includegraphics on input line 500.
Package epstopdf Info: Output file is already uptodate.

<Melanoma_oxidation_signature-eps-converted-to.pdf, id=310, 361.35pt x 216.81pt
>
File: Melanoma_oxidation_signature-eps-converted-to.pdf Graphic file (type pdf)

 <use Melanoma_oxidation_signature-eps-converted-to.pdf>
Package pdftex.def Info: Melanoma_oxidation_signature-eps-converted-to.pdf used
 on input line 500.
(pdftex.def)             Requested size: 136.57007pt x 85.35945pt.

Underfull \hbox (badness 5133) in paragraph at lines 500--500
[]\OT1/cmr/m/n/8 (c) The sig-na-ture 1 de-tected in
 []

Package epstopdf Info: Source file: <Kidney-Clear-Cell_oxidation_membership.eps
>
(epstopdf)                    date: 2015-03-14 11:40:42
(epstopdf)                    size: 26869 bytes
(epstopdf)             Output file: <Kidney-Clear-Cell_oxidation_membership-eps
-converted-to.pdf>
(epstopdf)                    date: 2015-03-14 11:42:22
(epstopdf)                    size: 13467 bytes
(epstopdf)             Command: <repstopdf --outfile=Kidney-Clear-Cell_oxidatio
n_membership-eps-converted-to.pdf Kidney-Clear-Cell_oxidation_membership.eps>
(epstopdf)             \includegraphics on input line 504.
Package epstopdf Info: Output file is already uptodate.

<Kidney-Clear-Cell_oxidation_membership-eps-converted-to.pdf, id=312, 867.24pt 
x 289.08pt>
File: Kidney-Clear-Cell_oxidation_membership-eps-converted-to.pdf Graphic file 
(type pdf)
 <use Kidney-Clear-Cell_oxidation_membership-eps-converted-to.pdf>
Package pdftex.def Info: Kidney-Clear-Cell_oxidation_membership-eps-converted-t
o.pdf used on input line 504.
(pdftex.def)             Requested size: 341.43787pt x 113.8082pt.
Package epstopdf Info: Source file: <Lung-Adeno_oxidation_membership.eps>
(epstopdf)                    date: 2015-03-14 11:41:38
(epstopdf)                    size: 33786 bytes
(epstopdf)             Output file: <Lung-Adeno_oxidation_membership-eps-conver
ted-to.pdf>
(epstopdf)                    date: 2015-03-14 11:42:23
(epstopdf)                    size: 14057 bytes
(epstopdf)             Command: <repstopdf --outfile=Lung-Adeno_oxidation_membe
rship-eps-converted-to.pdf Lung-Adeno_oxidation_membership.eps>
(epstopdf)             \includegraphics on input line 508.
Package epstopdf Info: Output file is already uptodate.

<Lung-Adeno_oxidation_membership-eps-converted-to.pdf, id=314, 867.24pt x 289.0
8pt>
File: Lung-Adeno_oxidation_membership-eps-converted-to.pdf Graphic file (type p
df)
 <use Lung-Adeno_oxidation_membership-eps-converted-to.pdf>
Package pdftex.def Info: Lung-Adeno_oxidation_membership-eps-converted-to.pdf u
sed on input line 508.
(pdftex.def)             Requested size: 341.43787pt x 113.8082pt.
Package epstopdf Info: Source file: <Melanoma_oxidation_membership.eps>
(epstopdf)                    date: 2015-03-14 11:41:59
(epstopdf)                    size: 33913 bytes
(epstopdf)             Output file: <Melanoma_oxidation_membership-eps-converte
d-to.pdf>
(epstopdf)                    date: 2015-03-14 11:42:24
(epstopdf)                    size: 14570 bytes
(epstopdf)             Command: <repstopdf --outfile=Melanoma_oxidation_members
hip-eps-converted-to.pdf Melanoma_oxidation_membership.eps>
(epstopdf)             \includegraphics on input line 512.
Package epstopdf Info: Output file is already uptodate.

<Melanoma_oxidation_membership-eps-converted-to.pdf, id=316, 867.24pt x 289.08p
t>
File: Melanoma_oxidation_membership-eps-converted-to.pdf Graphic file (type pdf
)
 <use Melanoma_oxidation_membership-eps-converted-to.pdf>
Package pdftex.def Info: Melanoma_oxidation_membership-eps-converted-to.pdf use
d on input line 512.
(pdftex.def)             Requested size: 341.43787pt x 113.8082pt.
 [14 <./Kidney-Clear-Cell_oxidation_signature-eps-converted-to.pdf> <./Lung-Ade
no_oxidation_signature-eps-converted-to.pdf> <./Melanoma_oxidation_signature-ep
s-converted-to.pdf> <./Kidney-Clear-Cell_oxidation_membership-eps-converted-to.
pdf> <./Lung-Adeno_oxidation_membership-eps-converted-to.pdf> <./Melanoma_oxida
tion_membership-eps-converted-to.pdf>] (./supp.aux)

LaTeX Warning: There were undefined references.


LaTeX Warning: There were multiply-defined labels.

 ) 
Here is how much of TeX's memory you used:
 2954 strings out of 493109
 44098 string characters out of 6135003
 103967 words of memory out of 5000000
 6329 multiletter control sequences out of 15000+600000
 15300 words of font info for 56 fonts, out of 8000000 for 9000
 1141 hyphenation exceptions out of 8191
 38i,11n,26p,768b,317s stack positions out of 5000i,500n,10000p,200000b,80000s
</usr/local/texlive/2014/texmf-dist/fonts/type1/public/amsfonts/cm/cmbx10.pfb
></usr/local/texlive/2014/texmf-dist/fonts/type1/public/amsfonts/cm/cmbx12.pfb>
</usr/local/texlive/2014/texmf-dist/fonts/type1/public/amsfonts/cm/cmex10.pfb><
/usr/local/texlive/2014/texmf-dist/fonts/type1/public/amsfonts/cm/cmmi10.pfb></
usr/local/texlive/2014/texmf-dist/fonts/type1/public/amsfonts/cm/cmmi5.pfb></us
r/local/texlive/2014/texmf-dist/fonts/type1/public/amsfonts/cm/cmmi7.pfb></usr/
local/texlive/2014/texmf-dist/fonts/type1/public/amsfonts/cm/cmmi8.pfb></usr/lo
cal/texlive/2014/texmf-dist/fonts/type1/public/amsfonts/cm/cmmib10.pfb></usr/lo
cal/texlive/2014/texmf-dist/fonts/type1/public/amsfonts/cmextra/cmmib7.pfb></us
r/local/texlive/2014/texmf-dist/fonts/type1/public/amsfonts/cm/cmr10.pfb></usr/
local/texlive/2014/texmf-dist/fonts/type1/public/amsfonts/cm/cmr7.pfb></usr/loc
al/texlive/2014/texmf-dist/fonts/type1/public/amsfonts/cm/cmr8.pfb></usr/local/
texlive/2014/texmf-dist/fonts/type1/public/amsfonts/cm/cmsy10.pfb></usr/local/t
exlive/2014/texmf-dist/fonts/type1/public/amsfonts/cm/cmsy7.pfb></usr/local/tex
live/2014/texmf-dist/fonts/type1/public/amsfonts/cm/cmti10.pfb></usr/local/texl
ive/2014/texmf-dist/fonts/type1/public/amsfonts/symbols/msam10.pfb>
Output written on supp.pdf (14 pages, 465055 bytes).
PDF statistics:
 433 PDF objects out of 1000 (max. 8388607)
 284 compressed objects within 3 object streams
 0 named destinations out of 1000 (max. 500000)
 248 words of extra memory for PDF output out of 10000 (max. 10000000)

